
/home/runner/work/exp-partial-differential-equations-parabolic-equation-implicit-method-crank-nicholson-method-iitb/exp-partial-differential-equations-parabolic-equation-implicit-method-crank-nicholson-method-iitb/experiment/simulation/common_libraries/js/ts_components/collapse_step.js
   1:10  warning  'show_step' is defined but never used                 no-unused-vars
   2:5   warning  '$' is not defined                                    no-undef
   3:9   warning  '$' is not defined                                    no-undef
   6:10  warning  'hide_step' is defined but never used                 no-unused-vars
   7:5   warning  '$' is not defined                                    no-undef
   8:9   warning  '$' is not defined                                    no-undef
  11:10  warning  'get_collapse_btn_text' is defined but never used     no-unused-vars
  20:10  warning  'get_collapse_btn_element' is defined but never used  no-unused-vars
  29:10  warning  'hide_all_steps' is defined but never used            no-unused-vars
  31:9   warning  '$' is not defined                                    no-undef

/home/runner/work/exp-partial-differential-equations-parabolic-equation-implicit-method-crank-nicholson-method-iitb/exp-partial-differential-equations-parabolic-equation-implicit-method-crank-nicholson-method-iitb/experiment/simulation/common_libraries/js/ts_components/matrix.js
   27:26  warning  'MathJax' is not defined                                no-undef
   32:7   warning  'Matrix_Without_String' is defined but never used       no-unused-vars
   52:26  warning  'MathJax' is not defined                                no-undef
   56:10  warning  'get_matrix_html' is defined but never used             no-unused-vars
   87:13  warning  'row_html' is assigned a value but never used           no-unused-vars
   99:10  warning  'get_matrix_html_with_title' is defined but never used  no-unused-vars
  131:13  warning  'row_html' is assigned a value but never used           no-unused-vars
  143:10  warning  'convert_2d_to_1d_vector' is defined but never used     no-unused-vars
  156:10  warning  'convert_1d_to_2d_matrix' is defined but never used     no-unused-vars

/home/runner/work/exp-partial-differential-equations-parabolic-equation-implicit-method-crank-nicholson-method-iitb/exp-partial-differential-equations-parabolic-equation-implicit-method-crank-nicholson-method-iitb/experiment/simulation/common_libraries/js/ts_components/pannel.js
  8:7  warning  'Pannel' is defined but never used  no-unused-vars

/home/runner/work/exp-partial-differential-equations-parabolic-equation-implicit-method-crank-nicholson-method-iitb/exp-partial-differential-equations-parabolic-equation-implicit-method-crank-nicholson-method-iitb/experiment/simulation/common_libraries/js/ts_components/questions.js
   6:17  warning  'op1' is assigned a value but never used      no-unused-vars
   7:17  warning  'op2' is assigned a value but never used      no-unused-vars
   8:17  warning  'op3' is assigned a value but never used      no-unused-vars
   9:17  warning  'op4' is assigned a value but never used      no-unused-vars
  94:7   warning  'Question_Options' is defined but never used  no-unused-vars

/home/runner/work/exp-partial-differential-equations-parabolic-equation-implicit-method-crank-nicholson-method-iitb/exp-partial-differential-equations-parabolic-equation-implicit-method-crank-nicholson-method-iitb/experiment/simulation/common_libraries/js/ts_components/tables.js
   19:22  warning  'verify_values' is not defined                                     no-undef
  137:22  warning  'verify_values' is not defined                                     no-undef
  260:7   warning  'Verify_Rows_Cols_6_decimal_places' is defined but never used      no-unused-vars
  311:22  warning  'verify_values' is not defined                                     no-undef
  416:7   warning  'Verify_Rows_Cols_Custom_Fixed_Update1' is defined but never used  no-unused-vars
  468:7   warning  'Show_Table_Custom_Fixed' is defined but never used                no-unused-vars
  506:7   warning  'Verify_Rows_Cols_Strings' is defined but never used               no-unused-vars
  527:22  warning  'verify_values' is not defined                                     no-undef
  663:7   warning  'Display_Table' is defined but never used                          no-unused-vars

/home/runner/work/exp-partial-differential-equations-parabolic-equation-implicit-method-crank-nicholson-method-iitb/exp-partial-differential-equations-parabolic-equation-implicit-method-crank-nicholson-method-iitb/experiment/simulation/common_libraries/js/ts_math_library/general_math_functions.js
    1:10  warning  'verify_values' is defined but never used                   no-unused-vars
   17:10  warning  'random1' is defined but never used                         no-unused-vars
   21:10  warning  'std_deviation' is defined but never used                   no-unused-vars
   26:10  warning  'gauss' is defined but never used                           no-unused-vars
   56:10  warning  'hide_panel' is defined but never used                      no-unused-vars
   63:10  warning  'inverse_matrix' is defined but never used                  no-unused-vars
   96:10  warning  'matrix_multiplication' is defined but never used           no-unused-vars
  113:10  warning  'transpose_matrix' is defined but never used                no-unused-vars
  123:10  warning  'matrix_multiplication_8decimal' is defined but never used  no-unused-vars
  140:10  warning  'adjoint_2x2_matrix' is defined but never used              no-unused-vars
  145:10  warning  'find_deteminant' is defined but never used                 no-unused-vars
  174:10  warning  'get_Submatrix' is defined but never used                   no-unused-vars

/home/runner/work/exp-partial-differential-equations-parabolic-equation-implicit-method-crank-nicholson-method-iitb/exp-partial-differential-equations-parabolic-equation-implicit-method-crank-nicholson-method-iitb/experiment/simulation/common_libraries/js/ts_math_library/regression.js
   1:10  warning  'regression_linear' is defined but never used            no-unused-vars
  18:10  warning  'regression_linear_1variable' is defined but never used  no-unused-vars
  27:10  warning  'regression_linear_2variable' is defined but never used  no-unused-vars
  52:11  warning  'gauss' is not defined                                   no-undef

/home/runner/work/exp-partial-differential-equations-parabolic-equation-implicit-method-crank-nicholson-method-iitb/exp-partial-differential-equations-parabolic-equation-implicit-method-crank-nicholson-method-iitb/experiment/simulation/common_libraries/math.ob.js
  1:745  warning  'b' is already defined  no-redeclare

/home/runner/work/exp-partial-differential-equations-parabolic-equation-implicit-method-crank-nicholson-method-iitb/exp-partial-differential-equations-parabolic-equation-implicit-method-crank-nicholson-method-iitb/experiment/simulation/js/activity1.js
   14:9   warning  'MathJax' is not defined                                no-undef
   18:10  warning  'start_act1' is defined but never used                  no-unused-vars
   23:20  warning  'get_collapse_btn_text' is not defined                  no-undef
   30:34  warning  Unnecessary escape character: \∂                        no-useless-escape
   30:51  warning  Unnecessary escape character: \∂                        no-useless-escape
   30:57  warning  Unnecessary escape character: \∂                        no-useless-escape
   33:13  warning  Unnecessary escape character: \Δ                        no-useless-escape
   58:5   warning  'hide_all_steps' is not defined                         no-undef
   60:9   warning  'MathJax' is not defined                                no-undef
   63:9   warning  'show_step' is not defined                              no-undef
   66:10  warning  'a1_verify_k' is defined but never used                 no-unused-vars
   68:17  warning  'k' is not defined                                      no-undef
   69:10  warning  'verify_values' is not defined                          no-undef
   69:49  warning  'k' is not defined                                      no-undef
   84:16  warning  'k' is not defined                                      no-undef
   91:29  warning  Unnecessary escape character: \×                        no-useless-escape
   91:46  warning  Unnecessary escape character: \×                        no-useless-escape
   91:89  warning  Unnecessary escape character: \×                        no-useless-escape
  122:9   warning  'MathJax' is not defined                                no-undef
  125:10  warning  'a1_verify_equ1' is defined but never used              no-unused-vars
  130:17  warning  'matA' is not defined                                   no-undef
  130:26  warning  'matC' is not defined                                   no-undef
  131:10  warning  'verify_values' is not defined                          no-undef
  131:50  warning  'matA' is not defined                                   no-undef
  140:10  warning  'verify_values' is not defined                          no-undef
  140:50  warning  'matA' is not defined                                   no-undef
  149:10  warning  'verify_values' is not defined                          no-undef
  149:50  warning  'matA' is not defined                                   no-undef
  158:10  warning  'verify_values' is not defined                          no-undef
  158:49  warning  'matC' is not defined                                   no-undef
  173:9   warning  'matA' is not defined                                   no-undef
  173:27  warning  'matA' is not defined                                   no-undef
  173:46  warning  'matC' is not defined                                   no-undef
  202:9   warning  'MathJax' is not defined                                no-undef
  205:10  warning  'a1_verify_equ2' is defined but never used              no-unused-vars
  210:17  warning  'matA' is not defined                                   no-undef
  210:26  warning  'matC' is not defined                                   no-undef
  211:10  warning  'verify_values' is not defined                          no-undef
  211:50  warning  'matA' is not defined                                   no-undef
  220:10  warning  'verify_values' is not defined                          no-undef
  220:50  warning  'matA' is not defined                                   no-undef
  229:10  warning  'verify_values' is not defined                          no-undef
  229:50  warning  'matA' is not defined                                   no-undef
  238:10  warning  'verify_values' is not defined                          no-undef
  238:49  warning  'matC' is not defined                                   no-undef
  253:9   warning  'matA' is not defined                                   no-undef
  253:27  warning  'matA' is not defined                                   no-undef
  253:46  warning  'matA' is not defined                                   no-undef
  253:66  warning  'matC' is not defined                                   no-undef
  282:9   warning  'MathJax' is not defined                                no-undef
  285:10  warning  'a1_verify_equ3' is defined but never used              no-unused-vars
  290:17  warning  'matA' is not defined                                   no-undef
  290:26  warning  'matC' is not defined                                   no-undef
  291:10  warning  'verify_values' is not defined                          no-undef
  291:50  warning  'matA' is not defined                                   no-undef
  300:10  warning  'verify_values' is not defined                          no-undef
  300:50  warning  'matA' is not defined                                   no-undef
  309:10  warning  'verify_values' is not defined                          no-undef
  309:50  warning  'matA' is not defined                                   no-undef
  318:10  warning  'verify_values' is not defined                          no-undef
  318:49  warning  'matC' is not defined                                   no-undef
  332:9   warning  'matA' is not defined                                   no-undef
  332:28  warning  'matA' is not defined                                   no-undef
  332:48  warning  'matC' is not defined                                   no-undef
  337:9   warning  'MathJax' is not defined                                no-undef
  340:10  warning  'a1_load_table' is defined but never used               no-unused-vars
  359:19  warning  'Verify_Rows_Cols_Custom_Fixed_Update1' is not defined  no-undef
  359:65  warning  'table_data1' is not defined                            no-undef
  363:5   warning  'k' is not defined                                      no-undef
  364:5   warning  'k' is not defined                                      no-undef
  364:18  warning  'h' is not defined                                      no-undef
  364:26  warning  'r' is not defined                                      no-undef
  384:5   warning  'matA' is not defined                                   no-undef
  385:18  warning  'r' is not defined                                      no-undef
  385:22  warning  'r' is not defined                                      no-undef
  386:10  warning  'r' is not defined                                      no-undef
  386:23  warning  'r' is not defined                                      no-undef
  386:27  warning  'r' is not defined                                      no-undef
  387:14  warning  'r' is not defined                                      no-undef
  387:25  warning  'r' is not defined                                      no-undef
  389:5   warning  'matC' is not defined                                   no-undef
  390:9   warning  'table_data1' is not defined                            no-undef
  391:11  warning  'table_data1' is not defined                            no-undef
  391:31  warning  'table_data1' is not defined                            no-undef
  392:14  warning  'table_data1' is not defined                            no-undef
  396:16  warning  'gauss' is not defined                                  no-undef
  396:22  warning  'matA' is not defined                                   no-undef
  396:28  warning  'matC' is not defined                                   no-undef
  397:5   warning  'u1' is not defined                                     no-undef
  398:5   warning  'u2' is not defined                                     no-undef
  399:5   warning  'u3' is not defined                                     no-undef
  400:5   warning  'table_data1' is not defined                            no-undef
  400:25  warning  'u1' is not defined                                     no-undef
  401:5   warning  'table_data1' is not defined                            no-undef
  401:25  warning  'u2' is not defined                                     no-undef
  402:5   warning  'table_data1' is not defined                            no-undef
  402:25  warning  'u3' is not defined                                     no-undef
  403:17  warning  'matA' is not defined                                   no-undef
  404:17  warning  'matC' is not defined                                   no-undef

/home/runner/work/exp-partial-differential-equations-parabolic-equation-implicit-method-crank-nicholson-method-iitb/exp-partial-differential-equations-parabolic-equation-implicit-method-crank-nicholson-method-iitb/experiment/simulation/js/data.js
   1:5  warning  'h' is assigned a value but never used            no-unused-vars
   2:5  warning  'r' is assigned a value but never used            no-unused-vars
   3:5  warning  'k' is defined but never used                     no-unused-vars
   4:5  warning  'table_data1' is assigned a value but never used  no-unused-vars
   8:5  warning  'u1' is defined but never used                    no-unused-vars
   9:5  warning  'u2' is defined but never used                    no-unused-vars
  10:5  warning  'u3' is defined but never used                    no-unused-vars
  11:5  warning  'dist_at' is assigned a value but never used      no-unused-vars
  12:5  warning  'matA' is defined but never used                  no-unused-vars
  13:5  warning  'matC' is defined but never used                  no-unused-vars

/home/runner/work/exp-partial-differential-equations-parabolic-equation-implicit-method-crank-nicholson-method-iitb/exp-partial-differential-equations-parabolic-equation-implicit-method-crank-nicholson-method-iitb/experiment/simulation/js/screen_size.js
  1:10  warning  'set_screen_size' is defined but never used  no-unused-vars

✖ 161 problems (0 errors, 161 warnings)

